[debug] [2023-03-19T03:26:03.179Z] ----------------------------------------------------------------------
[debug] [2023-03-19T03:26:03.182Z] Command:       C:\Program Files\nodejs\node.exe C:\Users\Jef Danusantoso\AppData\Roaming\npm\node_modules\firebase-tools\lib\bin\firebase.js emulators:start
[debug] [2023-03-19T03:26:03.183Z] CLI Version:   11.24.1
[debug] [2023-03-19T03:26:03.183Z] Platform:      win32
[debug] [2023-03-19T03:26:03.183Z] Node Version:  v19.7.0
[debug] [2023-03-19T03:26:03.183Z] Time:          Sat Mar 18 2023 22:26:03 GMT-0500 (Central Daylight Time)
[debug] [2023-03-19T03:26:03.184Z] ----------------------------------------------------------------------
[debug] 
[debug] [2023-03-19T03:26:03.341Z] > command requires scopes: ["email","openid","https://www.googleapis.com/auth/cloudplatformprojects.readonly","https://www.googleapis.com/auth/firebase","https://www.googleapis.com/auth/cloud-platform"]
[debug] [2023-03-19T03:26:03.342Z] > authorizing via signed-in user (h324rongwarrior@gmail.com)
[info] i  emulators: Starting emulators: functions, hosting {"metadata":{"emulator":{"name":"hub"},"message":"Starting emulators: functions, hosting"}}
[debug] [2023-03-19T03:26:03.370Z] [logging] Logging Emulator only supports listening on one address (127.0.0.1). Not listening on ::1
[debug] [2023-03-19T03:26:03.371Z] [hosting] Hosting Emulator only supports listening on one address (127.0.0.1). Not listening on ::1
[warn] !  ui: Emulator UI unable to start on port 4000, starting on 4004 instead. {"metadata":{"emulator":{"name":"ui"},"message":"Emulator UI unable to start on port 4000, starting on 4004 instead."}}
[debug] [2023-03-19T03:26:03.374Z] assigned listening specs for emulators {"user":{"hub":[{"address":"127.0.0.1","family":"IPv4","port":4400},{"address":"::1","family":"IPv6","port":4400}],"logging":[{"address":"127.0.0.1","family":"IPv4","port":4500}],"hosting":[{"address":"127.0.0.1","family":"IPv4","port":5000}],"ui":[{"address":"127.0.0.1","family":"IPv4","port":4004},{"address":"::1","family":"IPv6","port":4004}]},"metadata":{"message":"assigned listening specs for emulators"}}
[warn] !  emulators: It seems that you are running multiple instances of the emulator suite for project revflix2. This may result in unexpected behavior. 
[debug] [2023-03-19T03:26:03.385Z] [hub] writing locator at C:\Users\JEFDAN~1\AppData\Local\Temp\hub-revflix2.json
[debug] [2023-03-19T03:26:03.413Z] [functions] Functions Emulator only supports listening on one address (127.0.0.1). Not listening on ::1
[debug] [2023-03-19T03:26:03.414Z] [eventarc] Eventarc Emulator only supports listening on one address (127.0.0.1). Not listening on ::1
[debug] [2023-03-19T03:26:03.414Z] late-assigned ports for functions and eventarc emulators {"user":{"hub":[{"address":"127.0.0.1","family":"IPv4","port":4400},{"address":"::1","family":"IPv6","port":4400}],"logging":[{"address":"127.0.0.1","family":"IPv4","port":4500}],"hosting":[{"address":"127.0.0.1","family":"IPv4","port":5000}],"ui":[{"address":"127.0.0.1","family":"IPv4","port":4004},{"address":"::1","family":"IPv6","port":4004}],"functions":[{"address":"127.0.0.1","family":"IPv4","port":5001}],"eventarc":[{"address":"127.0.0.1","family":"IPv4","port":9299}]},"metadata":{"message":"late-assigned ports for functions and eventarc emulators"}}
[warn] !  functions: The following emulators are not running, calls to these services from the Functions emulator will affect production: auth, firestore, database, pubsub, storage {"metadata":{"emulator":{"name":"functions"},"message":"The following emulators are not running, calls to these services from the Functions emulator will affect production: \u001b[1mauth, firestore, database, pubsub, storage\u001b[22m"}}
[debug] [2023-03-19T03:26:03.421Z] defaultcredentials: writing to file C:\Users\Jef Danusantoso\AppData\Roaming\firebase\h324rongwarrior_gmail_com_application_default_credentials.json
[debug] [2023-03-19T03:26:03.452Z] Setting GAC to C:\Users\Jef Danusantoso\AppData\Roaming\firebase\h324rongwarrior_gmail_com_application_default_credentials.json {"metadata":{"emulator":{"name":"functions"},"message":"Setting GAC to C:\\Users\\Jef Danusantoso\\AppData\\Roaming\\firebase\\h324rongwarrior_gmail_com_application_default_credentials.json"}}
[debug] [2023-03-19T03:26:03.453Z] > refreshing access token with scopes: []
[debug] [2023-03-19T03:26:03.456Z] >>> [apiv2][query] POST https://www.googleapis.com/oauth2/v3/token [none]
[debug] [2023-03-19T03:26:03.456Z] >>> [apiv2][body] POST https://www.googleapis.com/oauth2/v3/token [omitted]
[debug] [2023-03-19T03:26:14.657Z] <<< [apiv2][status] POST https://www.googleapis.com/oauth2/v3/token 200
[debug] [2023-03-19T03:26:14.657Z] <<< [apiv2][body] POST https://www.googleapis.com/oauth2/v3/token [omitted]
[debug] [2023-03-19T03:26:14.673Z] >>> [apiv2][query] GET https://firebase.googleapis.com/v1beta1/projects/revflix2/adminSdkConfig [none]
[debug] [2023-03-19T03:26:15.181Z] <<< [apiv2][status] GET https://firebase.googleapis.com/v1beta1/projects/revflix2/adminSdkConfig 200
[debug] [2023-03-19T03:26:15.182Z] <<< [apiv2][body] GET https://firebase.googleapis.com/v1beta1/projects/revflix2/adminSdkConfig {"projectId":"revflix2","databaseURL":"https://revflix2-default-rtdb.firebaseio.com","storageBucket":"revflix2.appspot.com"}
[debug] [2023-03-19T03:26:15.201Z] >>> [apiv2][query] GET https://firebasehosting.googleapis.com/v1beta1/projects/revflix2/sites 
[debug] [2023-03-19T03:26:15.840Z] <<< [apiv2][status] GET https://firebasehosting.googleapis.com/v1beta1/projects/revflix2/sites 200
[debug] [2023-03-19T03:26:15.841Z] <<< [apiv2][body] GET https://firebasehosting.googleapis.com/v1beta1/projects/revflix2/sites {"sites":[{"name":"projects/revflix2/sites/revflix2","defaultUrl":"https://revflix2.web.app","type":"DEFAULT_SITE"}]}
[debug] [2023-03-19T03:26:15.841Z] >>> [apiv2][query] GET https://firebase.googleapis.com/v1beta1/projects/revflix2/webApps/-/config [none]
[debug] [2023-03-19T03:26:16.275Z] <<< [apiv2][status] GET https://firebase.googleapis.com/v1beta1/projects/revflix2/webApps/-/config 200
[debug] [2023-03-19T03:26:16.275Z] <<< [apiv2][body] GET https://firebase.googleapis.com/v1beta1/projects/revflix2/webApps/-/config {"projectId":"revflix2","appId":"1:803348210934:web:3f308d0fe311c6db17f8d7","databaseURL":"https://revflix2-default-rtdb.firebaseio.com","storageBucket":"revflix2.appspot.com","apiKey":"AIzaSyDnW8n5rMtyaqGEeRYgDP7ypxLPC-2l_mw","authDomain":"revflix2.firebaseapp.com","messagingSenderId":"803348210934","measurementId":"G-JEQQZ742JC"}
[debug] [2023-03-19T03:26:16.292Z] >>> [apiv2][query] GET https://firebase.googleapis.com/v1beta1/projects/revflix2 [none]
[debug] [2023-03-19T03:26:16.560Z] <<< [apiv2][status] GET https://firebase.googleapis.com/v1beta1/projects/revflix2 200
[debug] [2023-03-19T03:26:16.560Z] <<< [apiv2][body] GET https://firebase.googleapis.com/v1beta1/projects/revflix2 {"projectId":"revflix2","projectNumber":"803348210934","displayName":"revflix2","name":"projects/revflix2","resources":{"hostingSite":"revflix2","realtimeDatabaseInstance":"revflix2-default-rtdb"},"state":"ACTIVE","etag":"1_2f49da74-1aa5-4044-8696-d6144c655b75"}
[debug] [2023-03-19T03:26:16.562Z] Specified "public" directory "build" does not exist; Deploy to Hosting site "revflix2" may fail or be empty.
[info] i  hosting[revflix2]: Serving hosting files from: build {"metadata":{"emulator":{"name":"hosting"},"message":"Serving hosting files from: \u001b[1mbuild\u001b[22m"}}
[info] +  hosting[revflix2]: Local server: http://127.0.0.1:5000 {"metadata":{"emulator":{"name":"hosting"},"message":"Local server: \u001b[4m\u001b[1mhttp://127.0.0.1:5000\u001b[22m\u001b[24m"}}
[debug] [2023-03-19T03:26:16.621Z] Ignoring unsupported arg: auto_download {"metadata":{"emulator":{"name":"ui"},"message":"Ignoring unsupported arg: auto_download"}}
[debug] [2023-03-19T03:26:16.621Z] Ignoring unsupported arg: port {"metadata":{"emulator":{"name":"ui"},"message":"Ignoring unsupported arg: port"}}
[debug] [2023-03-19T03:26:16.621Z] Starting Emulator UI with command {"binary":"node","args":["C:\\Users\\Jef Danusantoso\\.cache\\firebase\\emulators\\ui-v1.11.4\\server\\server.js"],"optionalArgs":[],"joinArgs":false} {"metadata":{"emulator":{"name":"ui"},"message":"Starting Emulator UI with command {\"binary\":\"node\",\"args\":[\"C:\\\\Users\\\\Jef Danusantoso\\\\.cache\\\\firebase\\\\emulators\\\\ui-v1.11.4\\\\server\\\\server.js\"],\"optionalArgs\":[],\"joinArgs\":false}"}}
[info] i  ui: Emulator UI logging to ui-debug.log {"metadata":{"emulator":{"name":"ui"},"message":"Emulator UI logging to \u001b[1mui-debug.log\u001b[22m"}}
[debug] [2023-03-19T03:26:16.777Z] Web / API server started at 127.0.0.1:4004
 {"metadata":{"emulator":{"name":"ui"},"message":"Web / API server started at 127.0.0.1:4004\n"}}
[debug] [2023-03-19T03:26:16.777Z] Web / API server started at ::1:4004
 {"metadata":{"emulator":{"name":"ui"},"message":"Web / API server started at ::1:4004\n"}}
[info] i  functions: Watching "C:\Users\Jef Danusantoso\Desktop\front end project\revflix2\revflix2\functions" for Cloud Functions... {"metadata":{"emulator":{"name":"functions"},"message":"Watching \"C:\\Users\\Jef Danusantoso\\Desktop\\front end project\\revflix2\\revflix2\\functions\" for Cloud Functions..."}}
[debug] [2023-03-19T03:26:16.913Z] Validating nodejs source
[debug] [2023-03-19T03:26:24.344Z] > [functions] package.json contents: {
  "name": "functions",
  "description": "Cloud Functions for Firebase",
  "scripts": {
    "lint": "eslint .",
    "serve": "firebase emulators:start --only functions",
    "shell": "firebase functions:shell",
    "start": "npm run shell",
    "deploy": "firebase deploy --only functions",
    "logs": "firebase functions:log"
  },
  "engines": {
    "node": "16"
  },
  "main": "index.js",
  "dependencies": {
    "express": "^4.18.2",
    "firebase-admin": "^11.5.0",
    "firebase-functions": "^4.2.0",
    "stripe": "^11.13.0"
  },
  "devDependencies": {
    "eslint": "^8.15.0",
    "eslint-config-google": "^0.14.0",
    "firebase-functions-test": "^3.0.0"
  },
  "private": true
}
[debug] [2023-03-19T03:26:24.344Z] Building nodejs source
[debug] [2023-03-19T03:26:24.345Z] Failed to find version of module node: reached end of search path C:\Users\Jef Danusantoso\Desktop\front end project\revflix2\revflix2\functions\node_modules
[warn] !  functions: Your requested "node" version "16" doesn't match your global version "19". Using node@19 from host. 
[debug] [2023-03-19T03:26:24.350Z] Could not find functions.yaml. Must use http discovery
[debug] [2023-03-19T03:26:24.366Z] Found firebase-functions binary at 'C:\Users\Jef Danusantoso\Desktop\front end project\revflix2\revflix2\functions\node_modules\.bin\firebase-functions'
[debug] [2023-03-19T03:26:26.197Z] Serving at port 8710

[debug] [2023-03-19T03:26:29.001Z] Got response from /__/functions.yaml {"endpoints":{"api":{"platform":"gcfv1","availableMemoryMb":null,"timeoutSeconds":null,"minInstances":null,"maxInstances":null,"ingressSettings":null,"serviceAccountEmail":null,"vpc":null,"httpsTrigger":{},"entryPoint":"api"}},"specVersion":"v1alpha1","requiredAPIs":[]}
[debug] [2023-03-19T03:26:29.011Z] shutdown requested via /__/quitquitquit

[info] +  functions: Loaded functions definitions from source: api. {"metadata":{"emulator":{"name":"functions"},"message":"Loaded functions definitions from source: api."}}
[info] +  functions[us-central1-api]: http function initialized (http://127.0.0.1:5001/revflix2/us-central1/api). {"metadata":{"emulator":{"name":"functions"},"message":"\u001b[1mhttp\u001b[22m function initialized (http://127.0.0.1:5001/revflix2/us-central1/api)."}}
[info] 
┌─────────────────────────────────────────────────────────────┐
│ ✔  All emulators ready! It is now safe to connect your app. │
│ i  View Emulator UI at http://127.0.0.1:4004/               │
└─────────────────────────────────────────────────────────────┘

┌───────────┬────────────────┬─────────────────────────────────┐
│ Emulator  │ Host:Port      │ View in Emulator UI             │
├───────────┼────────────────┼─────────────────────────────────┤
│ Functions │ 127.0.0.1:5001 │ http://127.0.0.1:4004/functions │
├───────────┼────────────────┼─────────────────────────────────┤
│ Hosting   │ 127.0.0.1:5000 │ n/a                             │
└───────────┴────────────────┴─────────────────────────────────┘
  Emulator Hub running at 127.0.0.1:4400
  Other reserved ports: 4500

Issues? Report them at https://github.com/firebase/firebase-tools/issues and attach the *-debug.log files.
 
[debug] [2023-03-19T03:27:22.831Z] [work-queue] {"queuedWork":["/revflix2/us-central1/api/payments/create-2023-03-19T03:27:22.831Z"],"queueLength":1,"runningWork":[],"workRunningCount":0}
[debug] [2023-03-19T03:27:22.832Z] [work-queue] {"queuedWork":[],"queueLength":0,"runningWork":["/revflix2/us-central1/api/payments/create-2023-03-19T03:27:22.831Z"],"workRunningCount":1}
[debug] [2023-03-19T03:27:22.832Z] Accepted request POST /revflix2/us-central1/api/payments/create?total=4497 --> us-central1-api
[debug] [2023-03-19T03:27:22.837Z] [functions] Runtime ready! Sending request! {"metadata":{"emulator":{"name":"functions"},"message":"[functions] Runtime ready! Sending request!"}}
[debug] [2023-03-19T03:27:22.838Z] [functions] Got req.url=/revflix2/us-central1/api/payments/create?total=4497, mapping to path=/payments/create?total=4497 {"metadata":{"emulator":{"name":"functions"},"message":"[functions] Got req.url=/revflix2/us-central1/api/payments/create?total=4497, mapping to path=/payments/create?total=4497"}}
[debug] [2023-03-19T03:27:22.856Z] [worker-pool] addWorker(us-central1-api) {"metadata":{"emulator":{"name":"functions"},"message":"[worker-pool] addWorker(us-central1-api)"}}
[debug] [2023-03-19T03:27:22.858Z] [worker-pool] Adding worker with key us-central1-api, total=1 {"metadata":{"emulator":{"name":"functions"},"message":"[worker-pool] Adding worker with key us-central1-api, total=1"}}
[debug] [2023-03-19T03:27:22.861Z] [work-queue] {"queuedWork":["/revflix2/us-central1/api/payments/create-2023-03-19T03:27:22.861Z"],"queueLength":1,"runningWork":["/revflix2/us-central1/api/payments/create-2023-03-19T03:27:22.831Z"],"workRunningCount":1}
[debug] [2023-03-19T03:27:22.861Z] [work-queue] {"queuedWork":[],"queueLength":0,"runningWork":["/revflix2/us-central1/api/payments/create-2023-03-19T03:27:22.831Z","/revflix2/us-central1/api/payments/create-2023-03-19T03:27:22.861Z"],"workRunningCount":2}
[debug] [2023-03-19T03:27:22.861Z] Accepted request POST /revflix2/us-central1/api/payments/create?total=4497 --> us-central1-api
[debug] [2023-03-19T03:27:22.864Z] [functions] Runtime ready! Sending request! {"metadata":{"emulator":{"name":"functions"},"message":"[functions] Runtime ready! Sending request!"}}
[debug] [2023-03-19T03:27:22.865Z] [functions] Got req.url=/revflix2/us-central1/api/payments/create?total=4497, mapping to path=/payments/create?total=4497 {"metadata":{"emulator":{"name":"functions"},"message":"[functions] Got req.url=/revflix2/us-central1/api/payments/create?total=4497, mapping to path=/payments/create?total=4497"}}
[debug] [2023-03-19T03:27:22.881Z] [worker-pool] addWorker(us-central1-api) {"metadata":{"emulator":{"name":"functions"},"message":"[worker-pool] addWorker(us-central1-api)"}}
[debug] [2023-03-19T03:27:22.881Z] [worker-pool] Adding worker with key us-central1-api, total=2 {"metadata":{"emulator":{"name":"functions"},"message":"[worker-pool] Adding worker with key us-central1-api, total=2"}}
[debug] [2023-03-19T03:27:32.549Z] [runtime-status] [17496] Resolved module firebase-admin {"declared":true,"installed":true,"version":"11.5.0","resolution":"C:\\Users\\Jef Danusantoso\\Desktop\\front end project\\revflix2\\revflix2\\functions\\node_modules\\firebase-admin\\lib\\index.js"} {"metadata":{"emulator":{"name":"functions"},"function":{"name":"us-central1-api"},"extension":{},"message":"[runtime-status] [17496] Resolved module firebase-admin {\"declared\":true,\"installed\":true,\"version\":\"11.5.0\",\"resolution\":\"C:\\\\Users\\\\Jef Danusantoso\\\\Desktop\\\\front end project\\\\revflix2\\\\revflix2\\\\functions\\\\node_modules\\\\firebase-admin\\\\lib\\\\index.js\"}"}}
[debug] [2023-03-19T03:27:32.549Z] [runtime-status] [4808] Resolved module firebase-admin {"declared":true,"installed":true,"version":"11.5.0","resolution":"C:\\Users\\Jef Danusantoso\\Desktop\\front end project\\revflix2\\revflix2\\functions\\node_modules\\firebase-admin\\lib\\index.js"} {"metadata":{"emulator":{"name":"functions"},"function":{"name":"us-central1-api"},"extension":{},"message":"[runtime-status] [4808] Resolved module firebase-admin {\"declared\":true,\"installed\":true,\"version\":\"11.5.0\",\"resolution\":\"C:\\\\Users\\\\Jef Danusantoso\\\\Desktop\\\\front end project\\\\revflix2\\\\revflix2\\\\functions\\\\node_modules\\\\firebase-admin\\\\lib\\\\index.js\"}"}}
[debug] [2023-03-19T03:27:32.552Z] [runtime-status] [17496] Resolved module firebase-functions {"declared":true,"installed":true,"version":"4.2.1","resolution":"C:\\Users\\Jef Danusantoso\\Desktop\\front end project\\revflix2\\revflix2\\functions\\node_modules\\firebase-functions\\lib\\v1\\index.js"} {"metadata":{"emulator":{"name":"functions"},"function":{"name":"us-central1-api"},"extension":{},"message":"[runtime-status] [17496] Resolved module firebase-functions {\"declared\":true,\"installed\":true,\"version\":\"4.2.1\",\"resolution\":\"C:\\\\Users\\\\Jef Danusantoso\\\\Desktop\\\\front end project\\\\revflix2\\\\revflix2\\\\functions\\\\node_modules\\\\firebase-functions\\\\lib\\\\v1\\\\index.js\"}"}}
[debug] [2023-03-19T03:27:32.553Z] [runtime-status] [4808] Resolved module firebase-functions {"declared":true,"installed":true,"version":"4.2.1","resolution":"C:\\Users\\Jef Danusantoso\\Desktop\\front end project\\revflix2\\revflix2\\functions\\node_modules\\firebase-functions\\lib\\v1\\index.js"} {"metadata":{"emulator":{"name":"functions"},"function":{"name":"us-central1-api"},"extension":{},"message":"[runtime-status] [4808] Resolved module firebase-functions {\"declared\":true,\"installed\":true,\"version\":\"4.2.1\",\"resolution\":\"C:\\\\Users\\\\Jef Danusantoso\\\\Desktop\\\\front end project\\\\revflix2\\\\revflix2\\\\functions\\\\node_modules\\\\firebase-functions\\\\lib\\\\v1\\\\index.js\"}"}}
[debug] [2023-03-19T03:27:32.553Z] [runtime-status] [17496] Outgoing network have been stubbed. [{"name":"http","status":"mocked"},{"name":"http","status":"mocked"},{"name":"https","status":"mocked"},{"name":"https","status":"mocked"},{"name":"net","status":"mocked"}] {"metadata":{"emulator":{"name":"functions"},"function":{"name":"us-central1-api"},"extension":{},"message":"[runtime-status] [17496] Outgoing network have been stubbed. [{\"name\":\"http\",\"status\":\"mocked\"},{\"name\":\"http\",\"status\":\"mocked\"},{\"name\":\"https\",\"status\":\"mocked\"},{\"name\":\"https\",\"status\":\"mocked\"},{\"name\":\"net\",\"status\":\"mocked\"}]"}}
[debug] [2023-03-19T03:27:32.553Z] [runtime-status] [4808] Outgoing network have been stubbed. [{"name":"http","status":"mocked"},{"name":"http","status":"mocked"},{"name":"https","status":"mocked"},{"name":"https","status":"mocked"},{"name":"net","status":"mocked"}] {"metadata":{"emulator":{"name":"functions"},"function":{"name":"us-central1-api"},"extension":{},"message":"[runtime-status] [4808] Outgoing network have been stubbed. [{\"name\":\"http\",\"status\":\"mocked\"},{\"name\":\"http\",\"status\":\"mocked\"},{\"name\":\"https\",\"status\":\"mocked\"},{\"name\":\"https\",\"status\":\"mocked\"},{\"name\":\"net\",\"status\":\"mocked\"}]"}}
[debug] [2023-03-19T03:27:32.554Z] [runtime-status] [17496] Resolved module firebase-functions {"declared":true,"installed":true,"version":"4.2.1","resolution":"C:\\Users\\Jef Danusantoso\\Desktop\\front end project\\revflix2\\revflix2\\functions\\node_modules\\firebase-functions\\lib\\v1\\index.js"} {"metadata":{"emulator":{"name":"functions"},"function":{"name":"us-central1-api"},"extension":{},"message":"[runtime-status] [17496] Resolved module firebase-functions {\"declared\":true,\"installed\":true,\"version\":\"4.2.1\",\"resolution\":\"C:\\\\Users\\\\Jef Danusantoso\\\\Desktop\\\\front end project\\\\revflix2\\\\revflix2\\\\functions\\\\node_modules\\\\firebase-functions\\\\lib\\\\v1\\\\index.js\"}"}}
[debug] [2023-03-19T03:27:32.554Z] [runtime-status] [4808] Resolved module firebase-functions {"declared":true,"installed":true,"version":"4.2.1","resolution":"C:\\Users\\Jef Danusantoso\\Desktop\\front end project\\revflix2\\revflix2\\functions\\node_modules\\firebase-functions\\lib\\v1\\index.js"} {"metadata":{"emulator":{"name":"functions"},"function":{"name":"us-central1-api"},"extension":{},"message":"[runtime-status] [4808] Resolved module firebase-functions {\"declared\":true,\"installed\":true,\"version\":\"4.2.1\",\"resolution\":\"C:\\\\Users\\\\Jef Danusantoso\\\\Desktop\\\\front end project\\\\revflix2\\\\revflix2\\\\functions\\\\node_modules\\\\firebase-functions\\\\lib\\\\v1\\\\index.js\"}"}}
[debug] [2023-03-19T03:27:33.873Z] [runtime-status] [4808] Checked functions.config() {"config":{}} {"metadata":{"emulator":{"name":"functions"},"function":{"name":"us-central1-api"},"extension":{},"message":"[runtime-status] [4808] Checked functions.config() {\"config\":{}}"}}
[debug] [2023-03-19T03:27:33.873Z] [runtime-status] [17496] Checked functions.config() {"config":{}} {"metadata":{"emulator":{"name":"functions"},"function":{"name":"us-central1-api"},"extension":{},"message":"[runtime-status] [17496] Checked functions.config() {\"config\":{}}"}}
[debug] [2023-03-19T03:27:33.874Z] [runtime-status] [17496] firebase-functions has been stubbed. {"functionsResolution":{"declared":true,"installed":true,"version":"4.2.1","resolution":"C:\\Users\\Jef Danusantoso\\Desktop\\front end project\\revflix2\\revflix2\\functions\\node_modules\\firebase-functions\\lib\\v1\\index.js"}} {"metadata":{"emulator":{"name":"functions"},"function":{"name":"us-central1-api"},"extension":{},"message":"[runtime-status] [17496] firebase-functions has been stubbed. {\"functionsResolution\":{\"declared\":true,\"installed\":true,\"version\":\"4.2.1\",\"resolution\":\"C:\\\\Users\\\\Jef Danusantoso\\\\Desktop\\\\front end project\\\\revflix2\\\\revflix2\\\\functions\\\\node_modules\\\\firebase-functions\\\\lib\\\\v1\\\\index.js\"}}"}}
[debug] [2023-03-19T03:27:33.874Z] [runtime-status] [4808] firebase-functions has been stubbed. {"functionsResolution":{"declared":true,"installed":true,"version":"4.2.1","resolution":"C:\\Users\\Jef Danusantoso\\Desktop\\front end project\\revflix2\\revflix2\\functions\\node_modules\\firebase-functions\\lib\\v1\\index.js"}} {"metadata":{"emulator":{"name":"functions"},"function":{"name":"us-central1-api"},"extension":{},"message":"[runtime-status] [4808] firebase-functions has been stubbed. {\"functionsResolution\":{\"declared\":true,\"installed\":true,\"version\":\"4.2.1\",\"resolution\":\"C:\\\\Users\\\\Jef Danusantoso\\\\Desktop\\\\front end project\\\\revflix2\\\\revflix2\\\\functions\\\\node_modules\\\\firebase-functions\\\\lib\\\\v1\\\\index.js\"}}"}}
[debug] [2023-03-19T03:27:33.874Z] [runtime-status] [4808] Resolved module firebase-functions {"declared":true,"installed":true,"version":"4.2.1","resolution":"C:\\Users\\Jef Danusantoso\\Desktop\\front end project\\revflix2\\revflix2\\functions\\node_modules\\firebase-functions\\lib\\v1\\index.js"} {"metadata":{"emulator":{"name":"functions"},"function":{"name":"us-central1-api"},"extension":{},"message":"[runtime-status] [4808] Resolved module firebase-functions {\"declared\":true,\"installed\":true,\"version\":\"4.2.1\",\"resolution\":\"C:\\\\Users\\\\Jef Danusantoso\\\\Desktop\\\\front end project\\\\revflix2\\\\revflix2\\\\functions\\\\node_modules\\\\firebase-functions\\\\lib\\\\v1\\\\index.js\"}"}}
[debug] [2023-03-19T03:27:33.875Z] [runtime-status] [17496] Resolved module firebase-functions {"declared":true,"installed":true,"version":"4.2.1","resolution":"C:\\Users\\Jef Danusantoso\\Desktop\\front end project\\revflix2\\revflix2\\functions\\node_modules\\firebase-functions\\lib\\v1\\index.js"} {"metadata":{"emulator":{"name":"functions"},"function":{"name":"us-central1-api"},"extension":{},"message":"[runtime-status] [17496] Resolved module firebase-functions {\"declared\":true,\"installed\":true,\"version\":\"4.2.1\",\"resolution\":\"C:\\\\Users\\\\Jef Danusantoso\\\\Desktop\\\\front end project\\\\revflix2\\\\revflix2\\\\functions\\\\node_modules\\\\firebase-functions\\\\lib\\\\v1\\\\index.js\"}"}}
[debug] [2023-03-19T03:27:33.876Z] [runtime-status] [4808] Resolved module firebase-admin {"declared":true,"installed":true,"version":"11.5.0","resolution":"C:\\Users\\Jef Danusantoso\\Desktop\\front end project\\revflix2\\revflix2\\functions\\node_modules\\firebase-admin\\lib\\index.js"} {"metadata":{"emulator":{"name":"functions"},"function":{"name":"us-central1-api"},"extension":{},"message":"[runtime-status] [4808] Resolved module firebase-admin {\"declared\":true,\"installed\":true,\"version\":\"11.5.0\",\"resolution\":\"C:\\\\Users\\\\Jef Danusantoso\\\\Desktop\\\\front end project\\\\revflix2\\\\revflix2\\\\functions\\\\node_modules\\\\firebase-admin\\\\lib\\\\index.js\"}"}}
[debug] [2023-03-19T03:27:33.877Z] [runtime-status] [17496] Resolved module firebase-admin {"declared":true,"installed":true,"version":"11.5.0","resolution":"C:\\Users\\Jef Danusantoso\\Desktop\\front end project\\revflix2\\revflix2\\functions\\node_modules\\firebase-admin\\lib\\index.js"} {"metadata":{"emulator":{"name":"functions"},"function":{"name":"us-central1-api"},"extension":{},"message":"[runtime-status] [17496] Resolved module firebase-admin {\"declared\":true,\"installed\":true,\"version\":\"11.5.0\",\"resolution\":\"C:\\\\Users\\\\Jef Danusantoso\\\\Desktop\\\\front end project\\\\revflix2\\\\revflix2\\\\functions\\\\node_modules\\\\firebase-admin\\\\lib\\\\index.js\"}"}}
[debug] [2023-03-19T03:27:33.893Z] [runtime-status] [17496] Resolved module firebase-functions {"declared":true,"installed":true,"version":"4.2.1","resolution":"C:\\Users\\Jef Danusantoso\\Desktop\\front end project\\revflix2\\revflix2\\functions\\node_modules\\firebase-functions\\lib\\v1\\index.js"} {"metadata":{"emulator":{"name":"functions"},"function":{"name":"us-central1-api"},"extension":{},"message":"[runtime-status] [17496] Resolved module firebase-functions {\"declared\":true,\"installed\":true,\"version\":\"4.2.1\",\"resolution\":\"C:\\\\Users\\\\Jef Danusantoso\\\\Desktop\\\\front end project\\\\revflix2\\\\revflix2\\\\functions\\\\node_modules\\\\firebase-functions\\\\lib\\\\v1\\\\index.js\"}"}}
[debug] [2023-03-19T03:27:33.893Z] [runtime-status] [4808] Resolved module firebase-functions {"declared":true,"installed":true,"version":"4.2.1","resolution":"C:\\Users\\Jef Danusantoso\\Desktop\\front end project\\revflix2\\revflix2\\functions\\node_modules\\firebase-functions\\lib\\v1\\index.js"} {"metadata":{"emulator":{"name":"functions"},"function":{"name":"us-central1-api"},"extension":{},"message":"[runtime-status] [4808] Resolved module firebase-functions {\"declared\":true,\"installed\":true,\"version\":\"4.2.1\",\"resolution\":\"C:\\\\Users\\\\Jef Danusantoso\\\\Desktop\\\\front end project\\\\revflix2\\\\revflix2\\\\functions\\\\node_modules\\\\firebase-functions\\\\lib\\\\v1\\\\index.js\"}"}}
[debug] [2023-03-19T03:27:33.893Z] [runtime-status] [4808] firebase-admin has been stubbed. {"adminResolution":{"declared":true,"installed":true,"version":"11.5.0","resolution":"C:\\Users\\Jef Danusantoso\\Desktop\\front end project\\revflix2\\revflix2\\functions\\node_modules\\firebase-admin\\lib\\index.js"}} {"metadata":{"emulator":{"name":"functions"},"function":{"name":"us-central1-api"},"extension":{},"message":"[runtime-status] [4808] firebase-admin has been stubbed. {\"adminResolution\":{\"declared\":true,\"installed\":true,\"version\":\"11.5.0\",\"resolution\":\"C:\\\\Users\\\\Jef Danusantoso\\\\Desktop\\\\front end project\\\\revflix2\\\\revflix2\\\\functions\\\\node_modules\\\\firebase-admin\\\\lib\\\\index.js\"}}"}}
[debug] [2023-03-19T03:27:33.893Z] [runtime-status] [17496] firebase-admin has been stubbed. {"adminResolution":{"declared":true,"installed":true,"version":"11.5.0","resolution":"C:\\Users\\Jef Danusantoso\\Desktop\\front end project\\revflix2\\revflix2\\functions\\node_modules\\firebase-admin\\lib\\index.js"}} {"metadata":{"emulator":{"name":"functions"},"function":{"name":"us-central1-api"},"extension":{},"message":"[runtime-status] [17496] firebase-admin has been stubbed. {\"adminResolution\":{\"declared\":true,\"installed\":true,\"version\":\"11.5.0\",\"resolution\":\"C:\\\\Users\\\\Jef Danusantoso\\\\Desktop\\\\front end project\\\\revflix2\\\\revflix2\\\\functions\\\\node_modules\\\\firebase-admin\\\\lib\\\\index.js\"}}"}}
[debug] [2023-03-19T03:27:34.923Z] [runtime-status] [4808] Functions runtime initialized. {"cwd":"C:\\Users\\Jef Danusantoso\\Desktop\\front end project\\revflix2\\revflix2\\functions","node_version":"19.7.0"} {"metadata":{"emulator":{"name":"functions"},"function":{"name":"us-central1-api"},"extension":{},"message":"[runtime-status] [4808] Functions runtime initialized. {\"cwd\":\"C:\\\\Users\\\\Jef Danusantoso\\\\Desktop\\\\front end project\\\\revflix2\\\\revflix2\\\\functions\",\"node_version\":\"19.7.0\"}"}}
[debug] [2023-03-19T03:27:34.924Z] [runtime-status] [4808] Listening to port: \\?\pipe\fire_emu_62273dbb9792427b {"metadata":{"emulator":{"name":"functions"},"function":{"name":"us-central1-api"},"extension":{},"message":"[runtime-status] [4808] Listening to port: \\\\?\\pipe\\fire_emu_62273dbb9792427b"}}
[debug] [2023-03-19T03:27:34.926Z] [runtime-status] [17496] Functions runtime initialized. {"cwd":"C:\\Users\\Jef Danusantoso\\Desktop\\front end project\\revflix2\\revflix2\\functions","node_version":"19.7.0"} {"metadata":{"emulator":{"name":"functions"},"function":{"name":"us-central1-api"},"extension":{},"message":"[runtime-status] [17496] Functions runtime initialized. {\"cwd\":\"C:\\\\Users\\\\Jef Danusantoso\\\\Desktop\\\\front end project\\\\revflix2\\\\revflix2\\\\functions\",\"node_version\":\"19.7.0\"}"}}
[debug] [2023-03-19T03:27:34.926Z] [runtime-status] [17496] Listening to port: \\?\pipe\fire_emu_1e900d29dedb8adf {"metadata":{"emulator":{"name":"functions"},"function":{"name":"us-central1-api"},"extension":{},"message":"[runtime-status] [17496] Listening to port: \\\\?\\pipe\\fire_emu_1e900d29dedb8adf"}}
[debug] [2023-03-19T03:27:34.968Z] [worker-us-central1-api-f9aedcb4-ffc8-4166-919b-a35f025391b8]: IDLE {"metadata":{"emulator":{"name":"functions"},"function":{"name":"us-central1-api"},"extension":{},"message":"[worker-us-central1-api-f9aedcb4-ffc8-4166-919b-a35f025391b8]: IDLE"}}
[debug] [2023-03-19T03:27:34.968Z] [worker-pool] submitRequest(triggerId=us-central1-api) {"metadata":{"emulator":{"name":"functions"},"message":"[worker-pool] submitRequest(triggerId=us-central1-api)"}}
[info] i  functions: Beginning execution of "us-central1-api" {"metadata":{"emulator":{"name":"functions"},"function":{"name":"us-central1-api"},"extension":{},"message":"Beginning execution of \"us-central1-api\""}}
[debug] [2023-03-19T03:27:34.969Z] [worker-us-central1-api-f9aedcb4-ffc8-4166-919b-a35f025391b8]: BUSY {"metadata":{"emulator":{"name":"functions"},"function":{"name":"us-central1-api"},"extension":{},"message":"[worker-us-central1-api-f9aedcb4-ffc8-4166-919b-a35f025391b8]: BUSY"}}
[debug] [2023-03-19T03:27:34.970Z] [worker-us-central1-api-a7972bb1-3313-4c3a-aaeb-53fbf2173232]: IDLE {"metadata":{"emulator":{"name":"functions"},"function":{"name":"us-central1-api"},"extension":{},"message":"[worker-us-central1-api-a7972bb1-3313-4c3a-aaeb-53fbf2173232]: IDLE"}}
[debug] [2023-03-19T03:27:34.971Z] [worker-pool] submitRequest(triggerId=us-central1-api) {"metadata":{"emulator":{"name":"functions"},"message":"[worker-pool] submitRequest(triggerId=us-central1-api)"}}
[info] i  functions: Beginning execution of "us-central1-api" {"metadata":{"emulator":{"name":"functions"},"function":{"name":"us-central1-api"},"extension":{},"message":"Beginning execution of \"us-central1-api\""}}
[debug] [2023-03-19T03:27:34.971Z] [worker-us-central1-api-a7972bb1-3313-4c3a-aaeb-53fbf2173232]: BUSY {"metadata":{"emulator":{"name":"functions"},"function":{"name":"us-central1-api"},"extension":{},"message":"[worker-us-central1-api-a7972bb1-3313-4c3a-aaeb-53fbf2173232]: BUSY"}}
[info] >  Payment Request Recieved BOOM!!! for this amount >>>  4497 {"user":"Payment Request Recieved BOOM!!! for this amount >>>  4497","metadata":{"emulator":{"name":"functions"},"function":{"name":"us-central1-api"},"extension":{},"message":"\u001b[90m> \u001b[39m Payment Request Recieved BOOM!!! for this amount >>>  4497"}}
[info] >  Payment Request Recieved BOOM!!! for this amount >>>  4497 {"user":"Payment Request Recieved BOOM!!! for this amount >>>  4497","metadata":{"emulator":{"name":"functions"},"function":{"name":"us-central1-api"},"extension":{},"message":"\u001b[90m> \u001b[39m Payment Request Recieved BOOM!!! for this amount >>>  4497"}}
[info] i  functions: Finished "us-central1-api" in 592.2205ms {"metadata":{"emulator":{"name":"functions"},"function":{"name":"us-central1-api"},"extension":{},"message":"Finished \"us-central1-api\" in 592.2205ms"}}
[debug] [2023-03-19T03:27:35.564Z] [worker-us-central1-api-a7972bb1-3313-4c3a-aaeb-53fbf2173232]: IDLE {"metadata":{"emulator":{"name":"functions"},"function":{"name":"us-central1-api"},"extension":{},"message":"[worker-us-central1-api-a7972bb1-3313-4c3a-aaeb-53fbf2173232]: IDLE"}}
[debug] [2023-03-19T03:27:35.565Z] [work-queue] {"queuedWork":[],"queueLength":0,"runningWork":["/revflix2/us-central1/api/payments/create-2023-03-19T03:27:22.831Z"],"workRunningCount":1}
[info] i  functions: Finished "us-central1-api" in 607.7348ms {"metadata":{"emulator":{"name":"functions"},"function":{"name":"us-central1-api"},"extension":{},"message":"Finished \"us-central1-api\" in 607.7348ms"}}
[debug] [2023-03-19T03:27:35.578Z] [worker-us-central1-api-f9aedcb4-ffc8-4166-919b-a35f025391b8]: IDLE {"metadata":{"emulator":{"name":"functions"},"function":{"name":"us-central1-api"},"extension":{},"message":"[worker-us-central1-api-f9aedcb4-ffc8-4166-919b-a35f025391b8]: IDLE"}}
[debug] [2023-03-19T03:27:35.578Z] [work-queue] {"queuedWork":[],"queueLength":0,"runningWork":[],"workRunningCount":0}
[debug] [2023-03-19T03:35:31.297Z] [worker-us-central1-api-a7972bb1-3313-4c3a-aaeb-53fbf2173232]: exited {"metadata":{"emulator":{"name":"functions"},"function":{"name":"us-central1-api"},"extension":{},"message":"[worker-us-central1-api-a7972bb1-3313-4c3a-aaeb-53fbf2173232]: exited"}}
