[debug] [2023-03-19T00:56:40.595Z] ----------------------------------------------------------------------
[debug] [2023-03-19T00:56:40.597Z] Command:       C:\Program Files\nodejs\node.exe C:\Users\Jef Danusantoso\AppData\Roaming\npm\node_modules\firebase-tools\lib\bin\firebase.js init
[debug] [2023-03-19T00:56:40.598Z] CLI Version:   11.24.1
[debug] [2023-03-19T00:56:40.598Z] Platform:      win32
[debug] [2023-03-19T00:56:40.598Z] Node Version:  v19.7.0
[debug] [2023-03-19T00:56:40.598Z] Time:          Sat Mar 18 2023 19:56:40 GMT-0500 (Central Daylight Time)
[debug] [2023-03-19T00:56:40.598Z] ----------------------------------------------------------------------
[debug] 
[debug] [2023-03-19T00:56:40.608Z] > command requires scopes: ["email","openid","https://www.googleapis.com/auth/cloudplatformprojects.readonly","https://www.googleapis.com/auth/firebase","https://www.googleapis.com/auth/cloud-platform"]
[debug] [2023-03-19T00:56:40.609Z] > authorizing via signed-in user (h324rongwarrior@gmail.com)
[info] 
     ######## #### ########  ######## ########     ###     ######  ########
     ##        ##  ##     ## ##       ##     ##  ##   ##  ##       ##
     ######    ##  ########  ######   ########  #########  ######  ######
     ##        ##  ##    ##  ##       ##     ## ##     ##       ## ##
     ##       #### ##     ## ######## ########  ##     ##  ######  ########

You're about to initialize a Firebase project in this directory:

  C:\Users\Jef Danusantoso\Desktop\front end project\revflix2\revflix2

[info] 
=== Project Setup
[info] 
[info] First, let's associate this project directory with a Firebase project.
[info] You can create multiple project aliases by running firebase use --add, 
[info] but for now we'll just set up a default project.
[info] 
[debug] [2023-03-19T00:56:45.614Z] Using project from CLI flag: revflix2
[debug] [2023-03-19T00:56:45.616Z] > refreshing access token with scopes: []
[debug] [2023-03-19T00:56:45.618Z] >>> [apiv2][query] POST https://www.googleapis.com/oauth2/v3/token [none]
[debug] [2023-03-19T00:56:45.619Z] >>> [apiv2][body] POST https://www.googleapis.com/oauth2/v3/token [omitted]
[debug] [2023-03-19T00:56:46.059Z] <<< [apiv2][status] POST https://www.googleapis.com/oauth2/v3/token 200
[debug] [2023-03-19T00:56:46.060Z] <<< [apiv2][body] POST https://www.googleapis.com/oauth2/v3/token [omitted]
[debug] [2023-03-19T00:56:46.074Z] >>> [apiv2][query] GET https://firebase.googleapis.com/v1beta1/projects/revflix2 [none]
[debug] [2023-03-19T00:56:46.539Z] <<< [apiv2][status] GET https://firebase.googleapis.com/v1beta1/projects/revflix2 200
[debug] [2023-03-19T00:56:46.539Z] <<< [apiv2][body] GET https://firebase.googleapis.com/v1beta1/projects/revflix2 {"projectId":"revflix2","projectNumber":"803348210934","displayName":"revflix2","name":"projects/revflix2","resources":{"hostingSite":"revflix2","realtimeDatabaseInstance":"revflix2-default-rtdb"},"state":"ACTIVE","etag":"1_2f49da74-1aa5-4044-8696-d6144c655b75"}
[info] i  Using project revflix2 (revflix2) 
[info] 
=== Database Setup
[info] i  database: ensuring required API firebasedatabase.googleapis.com is enabled... 
[debug] [2023-03-19T00:56:46.550Z] >>> [apiv2][query] GET https://serviceusage.googleapis.com/v1/projects/revflix2/services/firebasedatabase.googleapis.com [none]
[debug] [2023-03-19T00:56:46.550Z] >>> [apiv2][(partial)header] GET https://serviceusage.googleapis.com/v1/projects/revflix2/services/firebasedatabase.googleapis.com x-goog-quota-user=projects/revflix2
[debug] [2023-03-19T00:56:47.068Z] <<< [apiv2][status] GET https://serviceusage.googleapis.com/v1/projects/revflix2/services/firebasedatabase.googleapis.com 200
[debug] [2023-03-19T00:56:47.068Z] <<< [apiv2][body] GET https://serviceusage.googleapis.com/v1/projects/revflix2/services/firebasedatabase.googleapis.com [omitted]
[info] +  database: required API firebasedatabase.googleapis.com is enabled 
[info] 
[debug] [2023-03-19T00:56:47.070Z] >>> [apiv2][query] GET https://firebasedatabase.googleapis.com/v1beta/projects/revflix2/locations/-/instances/revflix2-default-rtdb [none]
[debug] [2023-03-19T00:56:47.520Z] <<< [apiv2][status] GET https://firebasedatabase.googleapis.com/v1beta/projects/revflix2/locations/-/instances/revflix2-default-rtdb 200
[debug] [2023-03-19T00:56:47.520Z] <<< [apiv2][body] GET https://firebasedatabase.googleapis.com/v1beta/projects/revflix2/locations/-/instances/revflix2-default-rtdb {"name":"projects/803348210934/locations/us-central1/instances/revflix2-default-rtdb","project":"projects/803348210934","databaseUrl":"https://revflix2-default-rtdb.firebaseio.com","type":"DEFAULT_DATABASE","state":"ACTIVE"}
[info] 
[info] Firebase Realtime Database Security Rules allow you to define how your data should be
[info] structured and when your data can be read from and written to.
[info] 
[debug] [2023-03-19T00:56:51.535Z] >>> [apiv2][query] GET https://revflix2-default-rtdb.firebaseio.com/.settings/rules.json [none]
[debug] [2023-03-19T00:56:52.163Z] <<< [apiv2][status] GET https://revflix2-default-rtdb.firebaseio.com/.settings/rules.json 200
[debug] [2023-03-19T00:56:52.163Z] <<< [apiv2][body] GET https://revflix2-default-rtdb.firebaseio.com/.settings/rules.json [stream]
[info] +  Database Rules for revflix2-default-rtdb have been written to database.rules.json. 
[info] Future modifications to database.rules.json will update Realtime Database Security Rules when you run
[info] firebase deploy.
[info] 
=== Functions Setup
[debug] [2023-03-19T00:56:52.171Z] > command requires scopes: ["email","openid","https://www.googleapis.com/auth/cloudplatformprojects.readonly","https://www.googleapis.com/auth/firebase","https://www.googleapis.com/auth/cloud-platform"]
[debug] [2023-03-19T00:56:52.171Z] > authorizing via signed-in user (h324rongwarrior@gmail.com)
[debug] [2023-03-19T00:56:52.171Z] [iam] checking project revflix2 for permissions ["firebase.projects.get"]
[debug] [2023-03-19T00:56:52.172Z] >>> [apiv2][query] POST https://cloudresourcemanager.googleapis.com/v1/projects/revflix2:testIamPermissions [none]
[debug] [2023-03-19T00:56:52.172Z] >>> [apiv2][(partial)header] POST https://cloudresourcemanager.googleapis.com/v1/projects/revflix2:testIamPermissions x-goog-quota-user=projects/revflix2
[debug] [2023-03-19T00:56:52.172Z] >>> [apiv2][body] POST https://cloudresourcemanager.googleapis.com/v1/projects/revflix2:testIamPermissions {"permissions":["firebase.projects.get"]}
[debug] [2023-03-19T00:56:52.461Z] <<< [apiv2][status] POST https://cloudresourcemanager.googleapis.com/v1/projects/revflix2:testIamPermissions 200
[debug] [2023-03-19T00:56:52.461Z] <<< [apiv2][body] POST https://cloudresourcemanager.googleapis.com/v1/projects/revflix2:testIamPermissions {"permissions":["firebase.projects.get"]}
[debug] [2023-03-19T00:56:52.461Z] >>> [apiv2][query] GET https://serviceusage.googleapis.com/v1/projects/revflix2/services/cloudfunctions.googleapis.com [none]
[debug] [2023-03-19T00:56:52.461Z] >>> [apiv2][(partial)header] GET https://serviceusage.googleapis.com/v1/projects/revflix2/services/cloudfunctions.googleapis.com x-goog-quota-user=projects/revflix2
[debug] [2023-03-19T00:56:52.463Z] >>> [apiv2][query] GET https://serviceusage.googleapis.com/v1/projects/revflix2/services/runtimeconfig.googleapis.com [none]
[debug] [2023-03-19T00:56:52.463Z] >>> [apiv2][(partial)header] GET https://serviceusage.googleapis.com/v1/projects/revflix2/services/runtimeconfig.googleapis.com x-goog-quota-user=projects/revflix2
[debug] [2023-03-19T00:56:52.869Z] <<< [apiv2][status] GET https://serviceusage.googleapis.com/v1/projects/revflix2/services/runtimeconfig.googleapis.com 200
[debug] [2023-03-19T00:56:52.870Z] <<< [apiv2][body] GET https://serviceusage.googleapis.com/v1/projects/revflix2/services/runtimeconfig.googleapis.com [omitted]
[debug] [2023-03-19T00:56:52.872Z] <<< [apiv2][status] GET https://serviceusage.googleapis.com/v1/projects/revflix2/services/cloudfunctions.googleapis.com 200
[debug] [2023-03-19T00:56:52.872Z] <<< [apiv2][body] GET https://serviceusage.googleapis.com/v1/projects/revflix2/services/cloudfunctions.googleapis.com [omitted]
[info] Let's create a new codebase for your functions.
[info] A directory corresponding to the codebase will be created in your project
[info] with sample code pre-configured.

[info] See https://firebase.google.com/docs/functions/organize-functions for
[info] more information on organizing your functions using codebases.

[info] Functions can be deployed with firebase deploy.

[info] +  Wrote functions/package.json 
[info] +  Wrote functions/.eslintrc.js 
[info] +  Wrote functions/index.js 
[info] +  Wrote functions/.gitignore 
[info] 
[info] i  Writing configuration info to firebase.json... 
[info] i  Writing project information to .firebaserc... 
[info] 
[info] +  Firebase initialization complete! 
[debug] [2023-03-19T00:58:22.763Z] Error: Timed out.
    at Timeout._onTimeout (C:\Users\Jef Danusantoso\AppData\Roaming\npm\node_modules\firebase-tools\lib\utils.js:253:49)
    at listOnTimeout (node:internal/timers:568:17)
    at process.processTimers (node:internal/timers:511:7)
[error] 
[error] Error: An unexpected error has occurred.
